Determining if the pthread_create exist failed with the following output:
Change Dir: /home/mainak/Documents/Course_CzechRepublic/SecureCodingAndPractises_PA193/project/Project-Part2/MimeParser-master/build/CMakeFiles/CMakeTmp

Run Build Command:/usr/bin/make "cmTryCompileExec1174468035/fast"
/usr/bin/make -f CMakeFiles/cmTryCompileExec1174468035.dir/build.make CMakeFiles/cmTryCompileExec1174468035.dir/build
make[1]: Entering directory `/home/mainak/Documents/Course_CzechRepublic/SecureCodingAndPractises_PA193/project/Project-Part2/MimeParser-master/build/CMakeFiles/CMakeTmp'
/usr/bin/cmake -E cmake_progress_report /home/mainak/Documents/Course_CzechRepublic/SecureCodingAndPractises_PA193/project/Project-Part2/MimeParser-master/build/CMakeFiles/CMakeTmp/CMakeFiles 1
Building C object CMakeFiles/cmTryCompileExec1174468035.dir/CheckSymbolExists.c.o
/usr/bin/cc   -Wall -Wextra -Werror    -o CMakeFiles/cmTryCompileExec1174468035.dir/CheckSymbolExists.c.o   -c /home/mainak/Documents/Course_CzechRepublic/SecureCodingAndPractises_PA193/project/Project-Part2/MimeParser-master/build/CMakeFiles/CMakeTmp/CheckSymbolExists.c
Linking C executable cmTryCompileExec1174468035
/usr/bin/cmake -E cmake_link_script CMakeFiles/cmTryCompileExec1174468035.dir/link.txt --verbose=1
/usr/bin/cc  -Wall -Wextra -Werror     CMakeFiles/cmTryCompileExec1174468035.dir/CheckSymbolExists.c.o  -o cmTryCompileExec1174468035 -rdynamic 
CMakeFiles/cmTryCompileExec1174468035.dir/CheckSymbolExists.c.o: In function `main':
CheckSymbolExists.c:(.text+0xa): undefined reference to `pthread_create'
collect2: error: ld returned 1 exit status
make[1]: *** [cmTryCompileExec1174468035] Error 1
make[1]: Leaving directory `/home/mainak/Documents/Course_CzechRepublic/SecureCodingAndPractises_PA193/project/Project-Part2/MimeParser-master/build/CMakeFiles/CMakeTmp'
make: *** [cmTryCompileExec1174468035/fast] Error 2

File /home/mainak/Documents/Course_CzechRepublic/SecureCodingAndPractises_PA193/project/Project-Part2/MimeParser-master/build/CMakeFiles/CMakeTmp/CheckSymbolExists.c:
/* */
#include <pthread.h>

int main(int argc, char** argv)
{
  (void)argv;
#ifndef pthread_create
  return ((int*)(&pthread_create))[argc];
#else
  (void)argc;
  return 0;
#endif
}

Determining if the function pthread_create exists in the pthreads failed with the following output:
Change Dir: /home/mainak/Documents/Course_CzechRepublic/SecureCodingAndPractises_PA193/project/Project-Part2/MimeParser-master/build/CMakeFiles/CMakeTmp

Run Build Command:/usr/bin/make "cmTryCompileExec4144943251/fast"
/usr/bin/make -f CMakeFiles/cmTryCompileExec4144943251.dir/build.make CMakeFiles/cmTryCompileExec4144943251.dir/build
make[1]: Entering directory `/home/mainak/Documents/Course_CzechRepublic/SecureCodingAndPractises_PA193/project/Project-Part2/MimeParser-master/build/CMakeFiles/CMakeTmp'
/usr/bin/cmake -E cmake_progress_report /home/mainak/Documents/Course_CzechRepublic/SecureCodingAndPractises_PA193/project/Project-Part2/MimeParser-master/build/CMakeFiles/CMakeTmp/CMakeFiles 1
Building C object CMakeFiles/cmTryCompileExec4144943251.dir/CheckFunctionExists.c.o
/usr/bin/cc   -Wall -Wextra -Werror -DCHECK_FUNCTION_EXISTS=pthread_create   -o CMakeFiles/cmTryCompileExec4144943251.dir/CheckFunctionExists.c.o   -c /usr/share/cmake-2.8/Modules/CheckFunctionExists.c
Linking C executable cmTryCompileExec4144943251
/usr/bin/cmake -E cmake_link_script CMakeFiles/cmTryCompileExec4144943251.dir/link.txt --verbose=1
/usr/bin/cc  -Wall -Wextra -Werror -DCHECK_FUNCTION_EXISTS=pthread_create    CMakeFiles/cmTryCompileExec4144943251.dir/CheckFunctionExists.c.o  -o cmTryCompileExec4144943251 -rdynamic -lpthreads 
/usr/bin/ld: cannot find -lpthreads
collect2: error: ld returned 1 exit status
make[1]: *** [cmTryCompileExec4144943251] Error 1
make[1]: Leaving directory `/home/mainak/Documents/Course_CzechRepublic/SecureCodingAndPractises_PA193/project/Project-Part2/MimeParser-master/build/CMakeFiles/CMakeTmp'
make: *** [cmTryCompileExec4144943251/fast] Error 2


